<?xml version="1.0" encoding="UTF-8" standalone="no"?><!DOCTYPE report PUBLIC "-//JACOCO//DTD Report 1.1//EN" "report.dtd"><report name="Pester (10/21/2020 23:03:22)"><sessioninfo id="this" start="1603321399005" dump="1603321402879" /><package name="DSC_PostgreSqlInstall"><class name="DSC_PostgreSqlInstall/DSC_PostgreSqlInstall" sourcefilename="DSC_PostgreSqlInstall.psm1"><method name="&lt;script&gt;" desc="()" line="1"><counter type="INSTRUCTION" missed="0" covered="7" /><counter type="LINE" missed="0" covered="6" /><counter type="METHOD" missed="0" covered="1" /></method><method name="Get-TargetResource" desc="()" line="43"><counter type="INSTRUCTION" missed="0" covered="64" /><counter type="LINE" missed="0" covered="53" /><counter type="METHOD" missed="0" covered="1" /></method><method name="Set-TargetResource" desc="()" line="225"><counter type="INSTRUCTION" missed="0" covered="99" /><counter type="LINE" missed="0" covered="59" /><counter type="METHOD" missed="0" covered="1" /></method><method name="Test-TargetResource" desc="()" line="431"><counter type="INSTRUCTION" missed="0" covered="44" /><counter type="LINE" missed="0" covered="34" /><counter type="METHOD" missed="0" covered="1" /></method><counter type="INSTRUCTION" missed="0" covered="214" /><counter type="LINE" missed="0" covered="152" /><counter type="METHOD" missed="0" covered="4" /><counter type="CLASS" missed="0" covered="1" /></class><sourcefile name="DSC_PostgreSqlInstall.psm1"><line nr="1" mi="0" ci="2" mb="0" cb="0" /><line nr="2" mi="0" ci="1" mb="0" cb="0" /><line nr="4" mi="0" ci="1" mb="0" cb="0" /><line nr="5" mi="0" ci="1" mb="0" cb="0" /><line nr="7" mi="0" ci="1" mb="0" cb="0" /><line nr="43" mi="0" ci="2" mb="0" cb="0" /><line nr="44" mi="0" ci="3" mb="0" cb="0" /><line nr="46" mi="0" ci="1" mb="0" cb="0" /><line nr="48" mi="0" ci="2" mb="0" cb="0" /><line nr="50" mi="0" ci="1" mb="0" cb="0" /><line nr="51" mi="0" ci="1" mb="0" cb="0" /><line nr="52" mi="0" ci="1" mb="0" cb="0" /><line nr="53" mi="0" ci="1" mb="0" cb="0" /><line nr="54" mi="0" ci="1" mb="0" cb="0" /><line nr="55" mi="0" ci="1" mb="0" cb="0" /><line nr="56" mi="0" ci="1" mb="0" cb="0" /><line nr="57" mi="0" ci="1" mb="0" cb="0" /><line nr="58" mi="0" ci="1" mb="0" cb="0" /><line nr="59" mi="0" ci="1" mb="0" cb="0" /><line nr="64" mi="0" ci="1" mb="0" cb="0" /><line nr="67" mi="0" ci="2" mb="0" cb="0" /><line nr="68" mi="0" ci="1" mb="0" cb="0" /><line nr="69" mi="0" ci="1" mb="0" cb="0" /><line nr="71" mi="0" ci="1" mb="0" cb="0" /><line nr="73" mi="0" ci="1" mb="0" cb="0" /><line nr="75" mi="0" ci="1" mb="0" cb="0" /><line nr="79" mi="0" ci="1" mb="0" cb="0" /><line nr="81" mi="0" ci="2" mb="0" cb="0" /><line nr="82" mi="0" ci="1" mb="0" cb="0" /><line nr="83" mi="0" ci="3" mb="0" cb="0" /><line nr="87" mi="0" ci="2" mb="0" cb="0" /><line nr="88" mi="0" ci="1" mb="0" cb="0" /><line nr="89" mi="0" ci="1" mb="0" cb="0" /><line nr="91" mi="0" ci="1" mb="0" cb="0" /><line nr="93" mi="0" ci="1" mb="0" cb="0" /><line nr="98" mi="0" ci="2" mb="0" cb="0" /><line nr="99" mi="0" ci="1" mb="0" cb="0" /><line nr="101" mi="0" ci="1" mb="0" cb="0" /><line nr="102" mi="0" ci="1" mb="0" cb="0" /><line nr="104" mi="0" ci="1" mb="0" cb="0" /><line nr="106" mi="0" ci="1" mb="0" cb="0" /><line nr="108" mi="0" ci="1" mb="0" cb="0" /><line nr="110" mi="0" ci="1" mb="0" cb="0" /><line nr="112" mi="0" ci="1" mb="0" cb="0" /><line nr="114" mi="0" ci="1" mb="0" cb="0" /><line nr="116" mi="0" ci="1" mb="0" cb="0" /><line nr="119" mi="0" ci="2" mb="0" cb="0" /><line nr="120" mi="0" ci="1" mb="0" cb="0" /><line nr="121" mi="0" ci="1" mb="0" cb="0" /><line nr="122" mi="0" ci="1" mb="0" cb="0" /><line nr="123" mi="0" ci="1" mb="0" cb="0" /><line nr="124" mi="0" ci="1" mb="0" cb="0" /><line nr="125" mi="0" ci="1" mb="0" cb="0" /><line nr="126" mi="0" ci="1" mb="0" cb="0" /><line nr="127" mi="0" ci="1" mb="0" cb="0" /><line nr="128" mi="0" ci="1" mb="0" cb="0" /><line nr="129" mi="0" ci="1" mb="0" cb="0" /><line nr="133" mi="0" ci="1" mb="0" cb="0" /><line nr="225" mi="0" ci="1" mb="0" cb="0" /><line nr="227" mi="0" ci="2" mb="0" cb="0" /><line nr="229" mi="0" ci="2" mb="0" cb="0" /><line nr="232" mi="0" ci="1" mb="0" cb="0" /><line nr="233" mi="0" ci="1" mb="0" cb="0" /><line nr="234" mi="0" ci="1" mb="0" cb="0" /><line nr="237" mi="0" ci="2" mb="0" cb="0" /><line nr="239" mi="0" ci="1" mb="0" cb="0" /><line nr="241" mi="0" ci="1" mb="0" cb="0" /><line nr="243" mi="0" ci="1" mb="0" cb="0" /><line nr="245" mi="0" ci="1" mb="0" cb="0" /><line nr="246" mi="0" ci="1" mb="0" cb="0" /><line nr="247" mi="0" ci="2" mb="0" cb="0" /><line nr="249" mi="0" ci="1" mb="0" cb="0" /><line nr="251" mi="0" ci="2" mb="0" cb="0" /><line nr="252" mi="0" ci="1" mb="0" cb="0" /><line nr="253" mi="0" ci="1" mb="0" cb="0" /><line nr="254" mi="0" ci="2" mb="0" cb="0" /><line nr="256" mi="0" ci="1" mb="0" cb="0" /><line nr="258" mi="0" ci="2" mb="0" cb="0" /><line nr="259" mi="0" ci="3" mb="0" cb="0" /><line nr="261" mi="0" ci="1" mb="0" cb="0" /><line nr="263" mi="0" ci="2" mb="0" cb="0" /><line nr="264" mi="0" ci="3" mb="0" cb="0" /><line nr="268" mi="0" ci="2" mb="0" cb="0" /><line nr="269" mi="0" ci="3" mb="0" cb="0" /><line nr="274" mi="0" ci="2" mb="0" cb="0" /><line nr="275" mi="0" ci="2" mb="0" cb="0" /><line nr="277" mi="0" ci="2" mb="0" cb="0" /><line nr="278" mi="0" ci="3" mb="0" cb="0" /><line nr="280" mi="0" ci="2" mb="0" cb="0" /><line nr="282" mi="0" ci="2" mb="0" cb="0" /><line nr="286" mi="0" ci="2" mb="0" cb="0" /><line nr="288" mi="0" ci="2" mb="0" cb="0" /><line nr="289" mi="0" ci="3" mb="0" cb="0" /><line nr="291" mi="0" ci="2" mb="0" cb="0" /><line nr="294" mi="0" ci="1" mb="0" cb="0" /><line nr="295" mi="0" ci="1" mb="0" cb="0" /><line nr="296" mi="0" ci="1" mb="0" cb="0" /><line nr="298" mi="0" ci="1" mb="0" cb="0" /><line nr="300" mi="0" ci="1" mb="0" cb="0" /><line nr="302" mi="0" ci="1" mb="0" cb="0" /><line nr="305" mi="0" ci="2" mb="0" cb="0" /><line nr="306" mi="0" ci="3" mb="0" cb="0" /><line nr="307" mi="0" ci="2" mb="0" cb="0" /><line nr="308" mi="0" ci="1" mb="0" cb="0" /><line nr="310" mi="0" ci="1" mb="0" cb="0" /><line nr="312" mi="0" ci="2" mb="0" cb="0" /><line nr="316" mi="0" ci="2" mb="0" cb="0" /><line nr="321" mi="0" ci="2" mb="0" cb="0" /><line nr="322" mi="0" ci="3" mb="0" cb="0" /><line nr="323" mi="0" ci="1" mb="0" cb="0" /><line nr="325" mi="0" ci="2" mb="0" cb="0" /><line nr="326" mi="0" ci="2" mb="0" cb="0" /><line nr="327" mi="0" ci="1" mb="0" cb="0" /><line nr="328" mi="0" ci="1" mb="0" cb="0" /><line nr="330" mi="0" ci="1" mb="0" cb="0" /><line nr="332" mi="0" ci="2" mb="0" cb="0" /><line nr="336" mi="0" ci="2" mb="0" cb="0" /><line nr="431" mi="0" ci="1" mb="0" cb="0" /><line nr="432" mi="0" ci="1" mb="0" cb="0" /><line nr="433" mi="0" ci="1" mb="0" cb="0" /><line nr="434" mi="0" ci="1" mb="0" cb="0" /><line nr="437" mi="0" ci="1" mb="0" cb="0" /><line nr="438" mi="0" ci="1" mb="0" cb="0" /><line nr="440" mi="0" ci="1" mb="0" cb="0" /><line nr="442" mi="0" ci="1" mb="0" cb="0" /><line nr="444" mi="0" ci="2" mb="0" cb="0" /><line nr="445" mi="0" ci="1" mb="0" cb="0" /><line nr="449" mi="0" ci="1" mb="0" cb="0" /><line nr="451" mi="0" ci="2" mb="0" cb="0" /><line nr="453" mi="0" ci="1" mb="0" cb="0" /><line nr="455" mi="0" ci="2" mb="0" cb="0" /><line nr="457" mi="0" ci="1" mb="0" cb="0" /><line nr="459" mi="0" ci="2" mb="0" cb="0" /><line nr="461" mi="0" ci="1" mb="0" cb="0" /><line nr="463" mi="0" ci="2" mb="0" cb="0" /><line nr="465" mi="0" ci="1" mb="0" cb="0" /><line nr="467" mi="0" ci="2" mb="0" cb="0" /><line nr="469" mi="0" ci="1" mb="0" cb="0" /><line nr="471" mi="0" ci="2" mb="0" cb="0" /><line nr="473" mi="0" ci="1" mb="0" cb="0" /><line nr="475" mi="0" ci="1" mb="0" cb="0" /><line nr="476" mi="0" ci="1" mb="0" cb="0" /><line nr="478" mi="0" ci="1" mb="0" cb="0" /><line nr="480" mi="0" ci="2" mb="0" cb="0" /><line nr="484" mi="0" ci="1" mb="0" cb="0" /><line nr="486" mi="0" ci="1" mb="0" cb="0" /><line nr="488" mi="0" ci="2" mb="0" cb="0" /><line nr="497" mi="0" ci="1" mb="0" cb="0" /><line nr="499" mi="0" ci="2" mb="0" cb="0" /><line nr="500" mi="0" ci="1" mb="0" cb="0" /><line nr="504" mi="0" ci="1" mb="0" cb="0" /><line nr="507" mi="0" ci="1" mb="0" cb="0" /><counter type="INSTRUCTION" missed="0" covered="214" /><counter type="LINE" missed="0" covered="152" /><counter type="METHOD" missed="0" covered="4" /><counter type="CLASS" missed="0" covered="1" /></sourcefile><counter type="INSTRUCTION" missed="0" covered="214" /><counter type="LINE" missed="0" covered="152" /><counter type="METHOD" missed="0" covered="4" /><counter type="CLASS" missed="0" covered="1" /></package><counter type="INSTRUCTION" missed="0" covered="214" /><counter type="LINE" missed="0" covered="152" /><counter type="METHOD" missed="0" covered="4" /><counter type="CLASS" missed="0" covered="1" /></report>
